<?xml version="1.0" encoding="UTF-8"?>
<!-- Generated by org.testng.reporters.JUnitReportReporter -->
<testsuite skipped="0" hostname="DESKTOP-8GP6Q0F" name="testNG.SuiteExample" tests="2" failures="0" timestamp="10 Sep 2023 11:21:09 GMT" time="8.122" errors="0">
  <testcase name="openYahoo" time="7.187" classname="testNG.SuiteExample"/>
  <testcase name="openGoogle" time="0.935" classname="testNG.SuiteExample"/>
</testsuite> <!-- testNG.SuiteExample -->
