<?xml version="1.0" encoding="UTF-8"?>
<!-- Generated by org.testng.reporters.JUnitReportReporter -->
<testsuite skipped="0" hostname="DESKTOP-8GP6Q0F" name="Testcase.LoginTestCase" tests="1" failures="0" timestamp="28 Sep 2023 11:58:31 GMT" time="9.386" errors="0">
  <testcase name="login" time="9.386" classname="Testcase.LoginTestCase"/>
</testsuite> <!-- Testcase.LoginTestCase -->
