<?xml version="1.0" encoding="UTF-8"?>
<!-- Generated by org.testng.reporters.JUnitReportReporter -->
<testsuite skipped="0" hostname="DESKTOP-8GP6Q0F" name="PagefactorywithoutAnnotation.LoginWithoutFindby" tests="1" failures="0" timestamp="28 Sep 2023 12:21:31 GMT" time="5.640" errors="0">
  <testcase name="Login" time="5.640" classname="PagefactorywithoutAnnotation.LoginWithoutFindby"/>
</testsuite> <!-- PagefactorywithoutAnnotation.LoginWithoutFindby -->
